INFO  | 25-05-2019 | 00:04:17 | com.epam.igorpystovit.Test -> 'info'  
DEBUG | 25-05-2019 | 00:04:17 | com.epam.igorpystovit.Test -> 'debug'  
INFO  | 25-05-2019 | 00:04:43 | com.epam.igorpystovit.Test -> 'info'  
DEBUG | 25-05-2019 | 00:04:43 | com.epam.igorpystovit.Test -> 'debug'  
INFO  | 26-05-2019 | 03:01:40 | com.epam.igorpystovit.view.Menu -> '0 - exit'  
INFO  | 26-05-2019 | 03:01:40 | com.epam.igorpystovit.view.Menu -> '1 - binary tree map task'  
INFO  | 26-05-2019 | 03:02:08 | com.epam.igorpystovit.view.Menu -> 'Menu Items(id/description)'  
INFO  | 26-05-2019 | 03:02:08 | com.epam.igorpystovit.view.Menu -> '0 - exit'  
INFO  | 26-05-2019 | 03:02:08 | com.epam.igorpystovit.view.Menu -> '1 - binary tree map task'  
INFO  | 26-05-2019 | 03:02:17 | com.epam.igorpystovit.view.Menu -> 'Menu Items(id/description)'  
INFO  | 26-05-2019 | 03:02:17 | com.epam.igorpystovit.view.Menu -> '0 - exit'  
INFO  | 26-05-2019 | 03:02:17 | com.epam.igorpystovit.view.Menu -> '1 - binary tree map task'  
INFO  | 26-05-2019 | 03:02:44 | com.epam.igorpystovit.view.Menu -> 'Menu Items(id/description)'  
INFO  | 26-05-2019 | 03:02:44 | com.epam.igorpystovit.view.Menu -> '0 - exit'  
INFO  | 26-05-2019 | 03:02:44 | com.epam.igorpystovit.view.Menu -> '1 - get tree size'  
INFO  | 26-05-2019 | 03:02:44 | com.epam.igorpystovit.view.Menu -> '2 - put value into tree'  
INFO  | 26-05-2019 | 03:02:44 | com.epam.igorpystovit.view.Menu -> '3 - get value from tree'  
INFO  | 26-05-2019 | 03:02:44 | com.epam.igorpystovit.view.Menu -> '4 - remove value from tree'  
INFO  | 26-05-2019 | 03:02:44 | com.epam.igorpystovit.view.Menu -> '5 - check if tree contains key'  
INFO  | 26-05-2019 | 03:02:44 | com.epam.igorpystovit.view.Menu -> '6 - print tree'  
INFO  | 26-05-2019 | 03:02:51 | com.epam.igorpystovit.view.Menu -> 'Menu Items(id/description)'  
INFO  | 26-05-2019 | 03:02:51 | com.epam.igorpystovit.view.Menu -> '0 - exit'  
INFO  | 26-05-2019 | 03:02:51 | com.epam.igorpystovit.view.Menu -> '1 - binary tree map task'  
INFO  | 26-05-2019 | 03:02:54 | com.epam.igorpystovit.view.Menu -> 'Menu Items(id/description)'  
INFO  | 26-05-2019 | 03:02:54 | com.epam.igorpystovit.view.Menu -> '0 - exit'  
INFO  | 26-05-2019 | 03:02:54 | com.epam.igorpystovit.view.Menu -> '1 - get tree size'  
INFO  | 26-05-2019 | 03:02:54 | com.epam.igorpystovit.view.Menu -> '2 - put value into tree'  
INFO  | 26-05-2019 | 03:02:54 | com.epam.igorpystovit.view.Menu -> '3 - get value from tree'  
INFO  | 26-05-2019 | 03:02:54 | com.epam.igorpystovit.view.Menu -> '4 - remove value from tree'  
INFO  | 26-05-2019 | 03:02:54 | com.epam.igorpystovit.view.Menu -> '5 - check if tree contains key'  
INFO  | 26-05-2019 | 03:02:54 | com.epam.igorpystovit.view.Menu -> '6 - print tree'  
INFO  | 26-05-2019 | 03:03:50 | com.epam.igorpystovit.view.Menu -> 'Menu Items(id/description)'  
INFO  | 26-05-2019 | 03:03:50 | com.epam.igorpystovit.view.Menu -> '0 - exit'  
INFO  | 26-05-2019 | 03:03:50 | com.epam.igorpystovit.view.Menu -> '1 - binary tree map task'  
INFO  | 26-05-2019 | 03:03:52 | com.epam.igorpystovit.view.Menu -> 'Menu Items(id/description)'  
INFO  | 26-05-2019 | 03:03:52 | com.epam.igorpystovit.view.Menu -> '0 - exit'  
INFO  | 26-05-2019 | 03:03:52 | com.epam.igorpystovit.view.Menu -> '1 - get tree size'  
INFO  | 26-05-2019 | 03:03:52 | com.epam.igorpystovit.view.Menu -> '2 - put value into tree'  
INFO  | 26-05-2019 | 03:03:52 | com.epam.igorpystovit.view.Menu -> '3 - get value from tree'  
INFO  | 26-05-2019 | 03:03:52 | com.epam.igorpystovit.view.Menu -> '4 - remove value from tree'  
INFO  | 26-05-2019 | 03:03:52 | com.epam.igorpystovit.view.Menu -> '5 - check if tree contains key'  
INFO  | 26-05-2019 | 03:03:52 | com.epam.igorpystovit.view.Menu -> '6 - print tree'  
INFO  | 26-05-2019 | 03:03:57 | com.epam.igorpystovit.controller.Controller -> 'Binary tree size = 0'  
INFO  | 26-05-2019 | 03:03:57 | com.epam.igorpystovit.view.Menu -> 'Menu Items(id/description)'  
INFO  | 26-05-2019 | 03:03:57 | com.epam.igorpystovit.view.Menu -> '0 - exit'  
INFO  | 26-05-2019 | 03:03:57 | com.epam.igorpystovit.view.Menu -> '1 - get tree size'  
INFO  | 26-05-2019 | 03:03:57 | com.epam.igorpystovit.view.Menu -> '2 - put value into tree'  
INFO  | 26-05-2019 | 03:03:57 | com.epam.igorpystovit.view.Menu -> '3 - get value from tree'  
INFO  | 26-05-2019 | 03:03:57 | com.epam.igorpystovit.view.Menu -> '4 - remove value from tree'  
INFO  | 26-05-2019 | 03:03:57 | com.epam.igorpystovit.view.Menu -> '5 - check if tree contains key'  
INFO  | 26-05-2019 | 03:03:57 | com.epam.igorpystovit.view.Menu -> '6 - print tree'  
INFO  | 26-05-2019 | 03:04:05 | com.epam.igorpystovit.controller.Controller -> 'Input key'  
INFO  | 26-05-2019 | 03:04:09 | com.epam.igorpystovit.model.BinaryTree -> 'No such element'  
INFO  | 26-05-2019 | 03:04:09 | com.epam.igorpystovit.model.BinaryTree -> 'No such element'  
INFO  | 26-05-2019 | 03:04:09 | com.epam.igorpystovit.view.Menu -> 'Menu Items(id/description)'  
INFO  | 26-05-2019 | 03:04:09 | com.epam.igorpystovit.view.Menu -> '0 - exit'  
INFO  | 26-05-2019 | 03:04:09 | com.epam.igorpystovit.view.Menu -> '1 - get tree size'  
INFO  | 26-05-2019 | 03:04:09 | com.epam.igorpystovit.view.Menu -> '2 - put value into tree'  
INFO  | 26-05-2019 | 03:04:09 | com.epam.igorpystovit.view.Menu -> '3 - get value from tree'  
INFO  | 26-05-2019 | 03:04:09 | com.epam.igorpystovit.view.Menu -> '4 - remove value from tree'  
INFO  | 26-05-2019 | 03:04:09 | com.epam.igorpystovit.view.Menu -> '5 - check if tree contains key'  
INFO  | 26-05-2019 | 03:04:09 | com.epam.igorpystovit.view.Menu -> '6 - print tree'  
INFO  | 26-05-2019 | 03:04:31 | com.epam.igorpystovit.controller.Controller -> 'Input key'  
INFO  | 26-05-2019 | 03:04:35 | com.epam.igorpystovit.model.BinaryTree -> 'The tree is void'  
INFO  | 26-05-2019 | 03:04:35 | com.epam.igorpystovit.controller.Controller -> '15 = null'  
INFO  | 26-05-2019 | 03:04:35 | com.epam.igorpystovit.model.BinaryTree -> 'The tree is void'  
INFO  | 26-05-2019 | 03:04:35 | com.epam.igorpystovit.view.Menu -> 'Menu Items(id/description)'  
INFO  | 26-05-2019 | 03:04:35 | com.epam.igorpystovit.view.Menu -> '0 - exit'  
INFO  | 26-05-2019 | 03:04:35 | com.epam.igorpystovit.view.Menu -> '1 - get tree size'  
INFO  | 26-05-2019 | 03:04:35 | com.epam.igorpystovit.view.Menu -> '2 - put value into tree'  
INFO  | 26-05-2019 | 03:04:35 | com.epam.igorpystovit.view.Menu -> '3 - get value from tree'  
INFO  | 26-05-2019 | 03:04:35 | com.epam.igorpystovit.view.Menu -> '4 - remove value from tree'  
INFO  | 26-05-2019 | 03:04:35 | com.epam.igorpystovit.view.Menu -> '5 - check if tree contains key'  
INFO  | 26-05-2019 | 03:04:35 | com.epam.igorpystovit.view.Menu -> '6 - print tree'  
INFO  | 26-05-2019 | 03:08:35 | com.epam.igorpystovit.view.Menu -> 'Menu Items(id/description)'  
INFO  | 26-05-2019 | 03:08:35 | com.epam.igorpystovit.view.Menu -> '0 - exit'  
INFO  | 26-05-2019 | 03:08:35 | com.epam.igorpystovit.view.Menu -> '1 - binary tree map task'  
INFO  | 26-05-2019 | 03:08:39 | com.epam.igorpystovit.view.Menu -> 'Menu Items(id/description)'  
INFO  | 26-05-2019 | 03:08:39 | com.epam.igorpystovit.view.Menu -> '0 - exit'  
INFO  | 26-05-2019 | 03:08:39 | com.epam.igorpystovit.view.Menu -> '1 - get tree size'  
INFO  | 26-05-2019 | 03:08:39 | com.epam.igorpystovit.view.Menu -> '2 - put value into tree'  
INFO  | 26-05-2019 | 03:08:39 | com.epam.igorpystovit.view.Menu -> '3 - get value from tree'  
INFO  | 26-05-2019 | 03:08:39 | com.epam.igorpystovit.view.Menu -> '4 - remove value from tree'  
INFO  | 26-05-2019 | 03:08:39 | com.epam.igorpystovit.view.Menu -> '5 - check if tree contains key'  
INFO  | 26-05-2019 | 03:08:39 | com.epam.igorpystovit.view.Menu -> '6 - print tree'  
INFO  | 26-05-2019 | 03:08:42 | com.epam.igorpystovit.controller.Controller -> 'Binary tree size = 0'  
INFO  | 26-05-2019 | 03:08:42 | com.epam.igorpystovit.view.Menu -> 'Menu Items(id/description)'  
INFO  | 26-05-2019 | 03:08:42 | com.epam.igorpystovit.view.Menu -> '0 - exit'  
INFO  | 26-05-2019 | 03:08:42 | com.epam.igorpystovit.view.Menu -> '1 - get tree size'  
INFO  | 26-05-2019 | 03:08:42 | com.epam.igorpystovit.view.Menu -> '2 - put value into tree'  
INFO  | 26-05-2019 | 03:08:42 | com.epam.igorpystovit.view.Menu -> '3 - get value from tree'  
INFO  | 26-05-2019 | 03:08:42 | com.epam.igorpystovit.view.Menu -> '4 - remove value from tree'  
INFO  | 26-05-2019 | 03:08:42 | com.epam.igorpystovit.view.Menu -> '5 - check if tree contains key'  
INFO  | 26-05-2019 | 03:08:42 | com.epam.igorpystovit.view.Menu -> '6 - print tree'  
INFO  | 26-05-2019 | 03:08:45 | com.epam.igorpystovit.controller.Controller -> 'Your binary tree'  
INFO  | 26-05-2019 | 03:08:45 | com.epam.igorpystovit.controller.Controller -> ''  
INFO  | 26-05-2019 | 03:08:45 | com.epam.igorpystovit.view.Menu -> 'Menu Items(id/description)'  
INFO  | 26-05-2019 | 03:08:45 | com.epam.igorpystovit.view.Menu -> '0 - exit'  
INFO  | 26-05-2019 | 03:08:45 | com.epam.igorpystovit.view.Menu -> '1 - get tree size'  
INFO  | 26-05-2019 | 03:08:45 | com.epam.igorpystovit.view.Menu -> '2 - put value into tree'  
INFO  | 26-05-2019 | 03:08:45 | com.epam.igorpystovit.view.Menu -> '3 - get value from tree'  
INFO  | 26-05-2019 | 03:08:45 | com.epam.igorpystovit.view.Menu -> '4 - remove value from tree'  
INFO  | 26-05-2019 | 03:08:45 | com.epam.igorpystovit.view.Menu -> '5 - check if tree contains key'  
INFO  | 26-05-2019 | 03:08:45 | com.epam.igorpystovit.view.Menu -> '6 - print tree'  
INFO  | 26-05-2019 | 03:08:58 | com.epam.igorpystovit.controller.Controller -> 'Input key'  
INFO  | 26-05-2019 | 03:09:00 | com.epam.igorpystovit.model.BinaryTree -> 'The tree is void'  
INFO  | 26-05-2019 | 03:09:00 | com.epam.igorpystovit.view.Menu -> 'Menu Items(id/description)'  
INFO  | 26-05-2019 | 03:09:00 | com.epam.igorpystovit.view.Menu -> '0 - exit'  
INFO  | 26-05-2019 | 03:09:00 | com.epam.igorpystovit.view.Menu -> '1 - get tree size'  
INFO  | 26-05-2019 | 03:09:00 | com.epam.igorpystovit.view.Menu -> '2 - put value into tree'  
INFO  | 26-05-2019 | 03:09:00 | com.epam.igorpystovit.view.Menu -> '3 - get value from tree'  
INFO  | 26-05-2019 | 03:09:00 | com.epam.igorpystovit.view.Menu -> '4 - remove value from tree'  
INFO  | 26-05-2019 | 03:09:00 | com.epam.igorpystovit.view.Menu -> '5 - check if tree contains key'  
INFO  | 26-05-2019 | 03:09:00 | com.epam.igorpystovit.view.Menu -> '6 - print tree'  
INFO  | 26-05-2019 | 03:09:06 | com.epam.igorpystovit.controller.Controller -> 'Input key'  
INFO  | 26-05-2019 | 03:09:09 | com.epam.igorpystovit.model.BinaryTree -> 'No such element'  
INFO  | 26-05-2019 | 03:09:09 | com.epam.igorpystovit.view.Menu -> 'Menu Items(id/description)'  
INFO  | 26-05-2019 | 03:09:09 | com.epam.igorpystovit.view.Menu -> '0 - exit'  
INFO  | 26-05-2019 | 03:09:09 | com.epam.igorpystovit.view.Menu -> '1 - get tree size'  
INFO  | 26-05-2019 | 03:09:09 | com.epam.igorpystovit.view.Menu -> '2 - put value into tree'  
INFO  | 26-05-2019 | 03:09:09 | com.epam.igorpystovit.view.Menu -> '3 - get value from tree'  
INFO  | 26-05-2019 | 03:09:09 | com.epam.igorpystovit.view.Menu -> '4 - remove value from tree'  
INFO  | 26-05-2019 | 03:09:09 | com.epam.igorpystovit.view.Menu -> '5 - check if tree contains key'  
INFO  | 26-05-2019 | 03:09:09 | com.epam.igorpystovit.view.Menu -> '6 - print tree'  
INFO  | 26-05-2019 | 03:09:20 | com.epam.igorpystovit.controller.Controller -> 'Input key'  
INFO  | 26-05-2019 | 03:09:28 | com.epam.igorpystovit.controller.Controller -> 'Input value'  
INFO  | 26-05-2019 | 03:10:06 | com.epam.igorpystovit.controller.Controller -> 'Key has been put into map'  
INFO  | 26-05-2019 | 03:10:06 | com.epam.igorpystovit.view.Menu -> 'Menu Items(id/description)'  
INFO  | 26-05-2019 | 03:10:06 | com.epam.igorpystovit.view.Menu -> '0 - exit'  
INFO  | 26-05-2019 | 03:10:06 | com.epam.igorpystovit.view.Menu -> '1 - get tree size'  
INFO  | 26-05-2019 | 03:10:06 | com.epam.igorpystovit.view.Menu -> '2 - put value into tree'  
INFO  | 26-05-2019 | 03:10:06 | com.epam.igorpystovit.view.Menu -> '3 - get value from tree'  
INFO  | 26-05-2019 | 03:10:06 | com.epam.igorpystovit.view.Menu -> '4 - remove value from tree'  
INFO  | 26-05-2019 | 03:10:06 | com.epam.igorpystovit.view.Menu -> '5 - check if tree contains key'  
INFO  | 26-05-2019 | 03:10:06 | com.epam.igorpystovit.view.Menu -> '6 - print tree'  
INFO  | 26-05-2019 | 03:10:14 | com.epam.igorpystovit.controller.Controller -> 'Binary tree size = 1'  
INFO  | 26-05-2019 | 03:10:14 | com.epam.igorpystovit.view.Menu -> 'Menu Items(id/description)'  
INFO  | 26-05-2019 | 03:10:14 | com.epam.igorpystovit.view.Menu -> '0 - exit'  
INFO  | 26-05-2019 | 03:10:14 | com.epam.igorpystovit.view.Menu -> '1 - get tree size'  
INFO  | 26-05-2019 | 03:10:14 | com.epam.igorpystovit.view.Menu -> '2 - put value into tree'  
INFO  | 26-05-2019 | 03:10:14 | com.epam.igorpystovit.view.Menu -> '3 - get value from tree'  
INFO  | 26-05-2019 | 03:10:14 | com.epam.igorpystovit.view.Menu -> '4 - remove value from tree'  
INFO  | 26-05-2019 | 03:10:14 | com.epam.igorpystovit.view.Menu -> '5 - check if tree contains key'  
INFO  | 26-05-2019 | 03:10:14 | com.epam.igorpystovit.view.Menu -> '6 - print tree'  
INFO  | 26-05-2019 | 03:10:21 | com.epam.igorpystovit.controller.Controller -> 'Input key'  
INFO  | 26-05-2019 | 03:10:23 | com.epam.igorpystovit.model.BinaryTree -> 'No such element'  
INFO  | 26-05-2019 | 03:10:23 | com.epam.igorpystovit.view.Menu -> 'Menu Items(id/description)'  
INFO  | 26-05-2019 | 03:10:23 | com.epam.igorpystovit.view.Menu -> '0 - exit'  
INFO  | 26-05-2019 | 03:10:23 | com.epam.igorpystovit.view.Menu -> '1 - get tree size'  
INFO  | 26-05-2019 | 03:10:23 | com.epam.igorpystovit.view.Menu -> '2 - put value into tree'  
INFO  | 26-05-2019 | 03:10:23 | com.epam.igorpystovit.view.Menu -> '3 - get value from tree'  
INFO  | 26-05-2019 | 03:10:23 | com.epam.igorpystovit.view.Menu -> '4 - remove value from tree'  
INFO  | 26-05-2019 | 03:10:23 | com.epam.igorpystovit.view.Menu -> '5 - check if tree contains key'  
INFO  | 26-05-2019 | 03:10:23 | com.epam.igorpystovit.view.Menu -> '6 - print tree'  
INFO  | 26-05-2019 | 03:10:27 | com.epam.igorpystovit.controller.Controller -> 'Your binary tree'  
INFO  | 26-05-2019 | 03:10:27 | com.epam.igorpystovit.controller.Controller -> '90=ninety
'  
INFO  | 26-05-2019 | 03:10:27 | com.epam.igorpystovit.view.Menu -> 'Menu Items(id/description)'  
INFO  | 26-05-2019 | 03:10:27 | com.epam.igorpystovit.view.Menu -> '0 - exit'  
INFO  | 26-05-2019 | 03:10:27 | com.epam.igorpystovit.view.Menu -> '1 - get tree size'  
INFO  | 26-05-2019 | 03:10:27 | com.epam.igorpystovit.view.Menu -> '2 - put value into tree'  
INFO  | 26-05-2019 | 03:10:27 | com.epam.igorpystovit.view.Menu -> '3 - get value from tree'  
INFO  | 26-05-2019 | 03:10:27 | com.epam.igorpystovit.view.Menu -> '4 - remove value from tree'  
INFO  | 26-05-2019 | 03:10:27 | com.epam.igorpystovit.view.Menu -> '5 - check if tree contains key'  
INFO  | 26-05-2019 | 03:10:27 | com.epam.igorpystovit.view.Menu -> '6 - print tree'  
INFO  | 26-05-2019 | 03:10:34 | com.epam.igorpystovit.view.Menu -> 'Menu Items(id/description)'  
INFO  | 26-05-2019 | 03:10:34 | com.epam.igorpystovit.view.Menu -> '0 - exit'  
INFO  | 26-05-2019 | 03:10:34 | com.epam.igorpystovit.view.Menu -> '1 - binary tree map task'  
