INFO  | 31-05-2019 | 21:31:06 | com.epam.igorpystovit.LogTest -> 'info test'  
DEBUG | 31-05-2019 | 21:31:06 | com.epam.igorpystovit.LogTest -> 'debug test'  
INFO  | 02-06-2019 | 01:26:03 | com.epam.igorpystovit.view.Menu -> 'Menüpunkte (ID / beschreibung)'  
INFO  | 02-06-2019 | 01:26:03 | com.epam.igorpystovit.view.Menu -> '1 - saiten manipulieren'  
INFO  | 02-06-2019 | 01:26:03 | com.epam.igorpystovit.view.Menu -> '2 - text bearbeiten'  
INFO  | 02-06-2019 | 01:26:03 | com.epam.igorpystovit.view.Menu -> '0 - exit'  
INFO  | 02-06-2019 | 01:28:53 | com.epam.igorpystovit.view.Menu -> 'Menu Items(id/description)'  
INFO  | 02-06-2019 | 01:28:53 | com.epam.igorpystovit.view.Menu -> '1 - to manipulate with strings '  
INFO  | 02-06-2019 | 01:28:53 | com.epam.igorpystovit.view.Menu -> '2 - to manipulate with text'  
INFO  | 02-06-2019 | 01:28:53 | com.epam.igorpystovit.view.Menu -> '0 - exit'  
INFO  | 02-06-2019 | 01:28:59 | com.epam.igorpystovit.view.Menu -> 'Menu Items(id/description)'  
INFO  | 02-06-2019 | 01:28:59 | com.epam.igorpystovit.view.Menu -> '1 - to manipulate with strings '  
INFO  | 02-06-2019 | 01:28:59 | com.epam.igorpystovit.view.Menu -> '2 - to manipulate with text'  
INFO  | 02-06-2019 | 01:28:59 | com.epam.igorpystovit.view.Menu -> '0 - exit'  
INFO  | 02-06-2019 | 01:29:15 | com.epam.igorpystovit.view.Menu -> 'Команды меню (код команды / описание команды)'  
INFO  | 02-06-2019 | 01:29:15 | com.epam.igorpystovit.view.Menu -> '1 - операции со строками'  
INFO  | 02-06-2019 | 01:29:15 | com.epam.igorpystovit.view.Menu -> '2 - операции с текстом'  
INFO  | 02-06-2019 | 01:29:15 | com.epam.igorpystovit.view.Menu -> '0 - выход'  
INFO  | 02-06-2019 | 21:19:47 | com.epam.igorpystovit.model.Reader -> 'Input strings. Press "Enter" to stop '  
INFO  | 02-06-2019 | 22:40:25 | com.epam.igorpystovit.model.Reader -> 'Input strings. Press "Enter" to stop'  
INFO  | 02-06-2019 | 22:40:57 | com.epam.igorpystovit.view.Menu -> 'Menu Items(id/description)'  
INFO  | 02-06-2019 | 22:40:57 | com.epam.igorpystovit.view.Menu -> '1 - to manipulate with strings '  
INFO  | 02-06-2019 | 22:40:57 | com.epam.igorpystovit.view.Menu -> '2 - to manipulate with text'  
INFO  | 02-06-2019 | 22:40:57 | com.epam.igorpystovit.view.Menu -> '0 - exit'  
INFO  | 02-06-2019 | 22:41:11 | com.epam.igorpystovit.view.Menu -> 'Menu Items(id/description)'  
INFO  | 02-06-2019 | 22:41:11 | com.epam.igorpystovit.view.Menu -> '1 - to manipulate with strings '  
INFO  | 02-06-2019 | 22:41:11 | com.epam.igorpystovit.view.Menu -> '2 - to manipulate with text'  
INFO  | 02-06-2019 | 22:41:11 | com.epam.igorpystovit.view.Menu -> '0 - exit'  
INFO  | 02-06-2019 | 22:42:46 | com.epam.igorpystovit.view.Menu -> 'Menu Items(id/description)'  
INFO  | 02-06-2019 | 22:42:46 | com.epam.igorpystovit.view.Menu -> '1 - to manipulate with strings '  
INFO  | 02-06-2019 | 22:42:46 | com.epam.igorpystovit.view.Menu -> '2 - to manipulate with text'  
INFO  | 02-06-2019 | 22:42:46 | com.epam.igorpystovit.view.Menu -> '0 - exit'  
INFO  | 02-06-2019 | 22:42:49 | com.epam.igorpystovit.view.Menu -> 'Menu Items(id/description)'  
INFO  | 02-06-2019 | 22:42:49 | com.epam.igorpystovit.view.Menu -> '1 - to manipulate with strings '  
INFO  | 02-06-2019 | 22:42:49 | com.epam.igorpystovit.view.Menu -> '2 - to manipulate with text'  
INFO  | 02-06-2019 | 22:42:49 | com.epam.igorpystovit.view.Menu -> '0 - exit'  
INFO  | 02-06-2019 | 22:43:46 | com.epam.igorpystovit.view.Menu -> 'Menu Items(id/description)'  
INFO  | 02-06-2019 | 22:43:46 | com.epam.igorpystovit.view.Menu -> '1 - to manipulate with strings '  
INFO  | 02-06-2019 | 22:43:46 | com.epam.igorpystovit.view.Menu -> '2 - to manipulate with text'  
INFO  | 02-06-2019 | 22:43:46 | com.epam.igorpystovit.view.Menu -> '0 - exit'  
INFO  | 02-06-2019 | 22:43:48 | com.epam.igorpystovit.view.Menu -> 'Menu Items(id/description)'  
INFO  | 02-06-2019 | 22:43:48 | com.epam.igorpystovit.view.Menu -> '1 - to manipulate with strings '  
INFO  | 02-06-2019 | 22:43:48 | com.epam.igorpystovit.view.Menu -> '2 - to manipulate with text'  
INFO  | 02-06-2019 | 22:43:48 | com.epam.igorpystovit.view.Menu -> '0 - exit'  
INFO  | 02-06-2019 | 22:45:45 | com.epam.igorpystovit.view.Menu -> 'Menu Items(id/description)'  
INFO  | 02-06-2019 | 22:45:45 | com.epam.igorpystovit.view.Menu -> '1 - to manipulate with strings '  
INFO  | 02-06-2019 | 22:45:45 | com.epam.igorpystovit.view.Menu -> '2 - to manipulate with text'  
INFO  | 02-06-2019 | 22:45:45 | com.epam.igorpystovit.view.Menu -> '0 - exit'  
INFO  | 02-06-2019 | 22:45:47 | com.epam.igorpystovit.view.Menu -> 'Menu Items(id/description)'  
INFO  | 02-06-2019 | 22:45:47 | com.epam.igorpystovit.view.Menu -> '1 - to manipulate with strings '  
INFO  | 02-06-2019 | 22:45:47 | com.epam.igorpystovit.view.Menu -> '2 - to manipulate with text'  
INFO  | 02-06-2019 | 22:45:47 | com.epam.igorpystovit.view.Menu -> '0 - exit'  
INFO  | 02-06-2019 | 22:45:49 | com.epam.igorpystovit.view.Menu -> 'Menu Items(id/description)'  
INFO  | 02-06-2019 | 22:45:49 | com.epam.igorpystovit.view.Menu -> '1 - to manipulate with strings '  
INFO  | 02-06-2019 | 22:45:49 | com.epam.igorpystovit.view.Menu -> '2 - to manipulate with text'  
INFO  | 02-06-2019 | 22:45:49 | com.epam.igorpystovit.view.Menu -> '0 - exit'  
INFO  | 02-06-2019 | 22:46:49 | com.epam.igorpystovit.view.Menu -> 'Menu Items(id/description)'  
INFO  | 02-06-2019 | 22:46:49 | com.epam.igorpystovit.view.Menu -> '1 - to manipulate with strings '  
INFO  | 02-06-2019 | 22:46:49 | com.epam.igorpystovit.view.Menu -> '2 - to manipulate with text'  
INFO  | 02-06-2019 | 22:46:49 | com.epam.igorpystovit.view.Menu -> '0 - exit'  
INFO  | 02-06-2019 | 22:46:50 | com.epam.igorpystovit.view.Menu -> 'Menu Items(id/description)'  
INFO  | 02-06-2019 | 22:46:50 | com.epam.igorpystovit.view.Menu -> '1 - to manipulate with strings '  
INFO  | 02-06-2019 | 22:46:50 | com.epam.igorpystovit.view.Menu -> '2 - to manipulate with text'  
INFO  | 02-06-2019 | 22:46:50 | com.epam.igorpystovit.view.Menu -> '0 - exit'  
INFO  | 02-06-2019 | 22:47:25 | com.epam.igorpystovit.view.Menu -> 'Команды меню (код команды / описание команды)'  
INFO  | 02-06-2019 | 22:47:25 | com.epam.igorpystovit.view.Menu -> '1 - операции со строками'  
INFO  | 02-06-2019 | 22:47:25 | com.epam.igorpystovit.view.Menu -> '2 - операции с текстом'  
INFO  | 02-06-2019 | 22:47:25 | com.epam.igorpystovit.view.Menu -> '0 - выход'  
INFO  | 02-06-2019 | 22:47:27 | com.epam.igorpystovit.view.Menu -> 'Команды меню (код команды / описание команды)'  
INFO  | 02-06-2019 | 22:47:27 | com.epam.igorpystovit.view.Menu -> '1 - операции со строками'  
INFO  | 02-06-2019 | 22:47:27 | com.epam.igorpystovit.view.Menu -> '2 - операции с текстом'  
INFO  | 02-06-2019 | 22:47:27 | com.epam.igorpystovit.view.Menu -> '0 - выход'  
INFO  | 02-06-2019 | 22:48:03 | com.epam.igorpystovit.view.Menu -> 'Menu Items(id/description)'  
INFO  | 02-06-2019 | 22:48:03 | com.epam.igorpystovit.view.Menu -> '1 - to manipulate with strings '  
INFO  | 02-06-2019 | 22:48:03 | com.epam.igorpystovit.view.Menu -> '2 - to manipulate with text'  
INFO  | 02-06-2019 | 22:48:03 | com.epam.igorpystovit.view.Menu -> '0 - exit'  
INFO  | 02-06-2019 | 22:48:53 | com.epam.igorpystovit.view.Menu -> 'Menu Items(id/description)'  
INFO  | 02-06-2019 | 22:48:53 | com.epam.igorpystovit.view.Menu -> '1 - to manipulate with strings '  
INFO  | 02-06-2019 | 22:48:53 | com.epam.igorpystovit.view.Menu -> '2 - to manipulate with text'  
INFO  | 02-06-2019 | 22:48:53 | com.epam.igorpystovit.view.Menu -> '0 - exit'  
INFO  | 02-06-2019 | 22:49:49 | com.epam.igorpystovit.view.Menu -> 'Menu Items(id/description)'  
INFO  | 02-06-2019 | 22:49:49 | com.epam.igorpystovit.view.Menu -> '1 - to manipulate with strings '  
INFO  | 02-06-2019 | 22:49:49 | com.epam.igorpystovit.view.Menu -> '2 - to manipulate with text'  
INFO  | 02-06-2019 | 22:49:49 | com.epam.igorpystovit.view.Menu -> '0 - exit'  
INFO  | 02-06-2019 | 22:50:29 | com.epam.igorpystovit.view.Menu -> 'Menu Items(id/description)'  
INFO  | 02-06-2019 | 22:50:29 | com.epam.igorpystovit.view.Menu -> '1 - to manipulate with strings '  
INFO  | 02-06-2019 | 22:50:29 | com.epam.igorpystovit.view.Menu -> '2 - to manipulate with text'  
INFO  | 02-06-2019 | 22:50:29 | com.epam.igorpystovit.view.Menu -> '0 - exit'  
INFO  | 02-06-2019 | 22:50:30 | com.epam.igorpystovit.view.Menu -> 'Menu Items(id/description)'  
INFO  | 02-06-2019 | 22:50:30 | com.epam.igorpystovit.view.Menu -> '0 - exit'  
INFO  | 02-06-2019 | 22:50:30 | com.epam.igorpystovit.view.Menu -> '1 - to replace all vowels in the text with underscores'  
INFO  | 02-06-2019 | 22:50:30 | com.epam.igorpystovit.view.Menu -> '2 - split sentence with regular expression'  
INFO  | 02-06-2019 | 22:50:42 | com.epam.igorpystovit.view.Menu -> 'Input some string'  
INFO  | 02-06-2019 | 22:50:42 | com.epam.igorpystovit.controller.Controller -> 'Changed string : '  
INFO  | 02-06-2019 | 22:50:42 | com.epam.igorpystovit.view.Menu -> 'Menu Items(id/description)'  
INFO  | 02-06-2019 | 22:50:42 | com.epam.igorpystovit.view.Menu -> '0 - exit'  
INFO  | 02-06-2019 | 22:50:42 | com.epam.igorpystovit.view.Menu -> '1 - to replace all vowels in the text with underscores'  
INFO  | 02-06-2019 | 22:50:42 | com.epam.igorpystovit.view.Menu -> '2 - split sentence with regular expression'  
INFO  | 02-06-2019 | 22:50:50 | com.epam.igorpystovit.view.Menu -> 'Menu Items(id/description)'  
INFO  | 02-06-2019 | 22:50:50 | com.epam.igorpystovit.view.Menu -> '1 - to manipulate with strings '  
INFO  | 02-06-2019 | 22:50:50 | com.epam.igorpystovit.view.Menu -> '2 - to manipulate with text'  
INFO  | 02-06-2019 | 22:50:50 | com.epam.igorpystovit.view.Menu -> '0 - exit'  
INFO  | 02-06-2019 | 22:51:33 | com.epam.igorpystovit.view.Menu -> 'Команды меню (код команды / описание команды)'  
INFO  | 02-06-2019 | 22:51:33 | com.epam.igorpystovit.view.Menu -> '1 - операции со строками'  
INFO  | 02-06-2019 | 22:51:33 | com.epam.igorpystovit.view.Menu -> '2 - операции с текстом'  
INFO  | 02-06-2019 | 22:51:33 | com.epam.igorpystovit.view.Menu -> '0 - выход'  
INFO  | 02-06-2019 | 22:51:38 | com.epam.igorpystovit.view.Menu -> 'Команды меню (код команды / описание команды)'  
INFO  | 02-06-2019 | 22:51:38 | com.epam.igorpystovit.view.Menu -> '1 - заменить все гласные в тексте нижним подчеркиванием'  
INFO  | 02-06-2019 | 22:51:38 | com.epam.igorpystovit.view.Menu -> '2 - разбить предложение по регулярному выражению'  
INFO  | 02-06-2019 | 22:51:38 | com.epam.igorpystovit.view.Menu -> '0 - выход'  
INFO  | 02-06-2019 | 22:51:42 | com.epam.igorpystovit.view.Menu -> 'Введите текст'  
INFO  | 02-06-2019 | 22:51:42 | com.epam.igorpystovit.controller.Controller -> 'Изменённая строка : '  
INFO  | 02-06-2019 | 22:51:42 | com.epam.igorpystovit.view.Menu -> 'Команды меню (код команды / описание команды)'  
INFO  | 02-06-2019 | 22:51:42 | com.epam.igorpystovit.view.Menu -> '1 - заменить все гласные в тексте нижним подчеркиванием'  
INFO  | 02-06-2019 | 22:51:42 | com.epam.igorpystovit.view.Menu -> '2 - разбить предложение по регулярному выражению'  
INFO  | 02-06-2019 | 22:51:42 | com.epam.igorpystovit.view.Menu -> '0 - выход'  
INFO  | 02-06-2019 | 22:52:02 | com.epam.igorpystovit.view.Menu -> 'Команды меню (код команды / описание команды)'  
INFO  | 02-06-2019 | 22:52:02 | com.epam.igorpystovit.view.Menu -> '1 - операции со строками'  
INFO  | 02-06-2019 | 22:52:02 | com.epam.igorpystovit.view.Menu -> '2 - операции с текстом'  
INFO  | 02-06-2019 | 22:52:02 | com.epam.igorpystovit.view.Menu -> '0 - выход'  
INFO  | 02-06-2019 | 22:52:05 | com.epam.igorpystovit.view.Menu -> 'Команды меню (код команды / описание команды)'  
INFO  | 02-06-2019 | 22:52:05 | com.epam.igorpystovit.view.Menu -> '1 - заменить все гласные в тексте нижним подчеркиванием'  
INFO  | 02-06-2019 | 22:52:05 | com.epam.igorpystovit.view.Menu -> '2 - разбить предложение по регулярному выражению'  
INFO  | 02-06-2019 | 22:52:05 | com.epam.igorpystovit.view.Menu -> '0 - выход'  
INFO  | 02-06-2019 | 22:52:07 | com.epam.igorpystovit.view.Menu -> 'Введите текст'  
INFO  | 02-06-2019 | 22:52:07 | com.epam.igorpystovit.controller.Controller -> 'Изменённая строка : '  
INFO  | 02-06-2019 | 22:52:07 | com.epam.igorpystovit.view.Menu -> 'Команды меню (код команды / описание команды)'  
INFO  | 02-06-2019 | 22:52:07 | com.epam.igorpystovit.view.Menu -> '1 - заменить все гласные в тексте нижним подчеркиванием'  
INFO  | 02-06-2019 | 22:52:07 | com.epam.igorpystovit.view.Menu -> '2 - разбить предложение по регулярному выражению'  
INFO  | 02-06-2019 | 22:52:07 | com.epam.igorpystovit.view.Menu -> '0 - выход'  
INFO  | 02-06-2019 | 22:54:35 | com.epam.igorpystovit.view.Menu -> 'Menu Items(id/description)'  
INFO  | 02-06-2019 | 22:54:35 | com.epam.igorpystovit.view.Menu -> '1 - to manipulate with strings '  
INFO  | 02-06-2019 | 22:54:35 | com.epam.igorpystovit.view.Menu -> '2 - to manipulate with text'  
INFO  | 02-06-2019 | 22:54:35 | com.epam.igorpystovit.view.Menu -> '0 - exit'  
INFO  | 02-06-2019 | 22:54:37 | com.epam.igorpystovit.view.Menu -> 'Menu Items(id/description)'  
INFO  | 02-06-2019 | 22:54:37 | com.epam.igorpystovit.view.Menu -> '1 - to replace all vowels in the text with underscores'  
INFO  | 02-06-2019 | 22:54:37 | com.epam.igorpystovit.view.Menu -> '2 - split sentence with regular expression'  
INFO  | 02-06-2019 | 22:54:37 | com.epam.igorpystovit.view.Menu -> '0 - exit'  
INFO  | 02-06-2019 | 22:54:39 | com.epam.igorpystovit.view.Menu -> 'Input some string'  
INFO  | 02-06-2019 | 22:54:39 | com.epam.igorpystovit.controller.Controller -> 'Changed string : '  
INFO  | 02-06-2019 | 22:54:39 | com.epam.igorpystovit.view.Menu -> 'Menu Items(id/description)'  
INFO  | 02-06-2019 | 22:54:39 | com.epam.igorpystovit.view.Menu -> '1 - to replace all vowels in the text with underscores'  
INFO  | 02-06-2019 | 22:54:39 | com.epam.igorpystovit.view.Menu -> '2 - split sentence with regular expression'  
INFO  | 02-06-2019 | 22:54:39 | com.epam.igorpystovit.view.Menu -> '0 - exit'  
INFO  | 02-06-2019 | 22:55:15 | com.epam.igorpystovit.view.Menu -> 'Menu Items(id/description)'  
INFO  | 02-06-2019 | 22:55:15 | com.epam.igorpystovit.view.Menu -> '1 - to manipulate with strings '  
INFO  | 02-06-2019 | 22:55:15 | com.epam.igorpystovit.view.Menu -> '2 - to manipulate with text'  
INFO  | 02-06-2019 | 22:55:15 | com.epam.igorpystovit.view.Menu -> '0 - exit'  
INFO  | 02-06-2019 | 22:55:17 | com.epam.igorpystovit.view.Menu -> 'Menu Items(id/description)'  
INFO  | 02-06-2019 | 22:55:17 | com.epam.igorpystovit.view.Menu -> '1 - to replace all vowels in the text with underscores'  
INFO  | 02-06-2019 | 22:55:17 | com.epam.igorpystovit.view.Menu -> '2 - split sentence with regular expression'  
INFO  | 02-06-2019 | 22:55:17 | com.epam.igorpystovit.view.Menu -> '0 - exit'  
INFO  | 02-06-2019 | 22:55:18 | com.epam.igorpystovit.view.Menu -> 'Input some string'  
INFO  | 02-06-2019 | 22:55:33 | com.epam.igorpystovit.controller.Controller -> 'Changed string : Знайти'  
INFO  | 02-06-2019 | 22:55:33 | com.epam.igorpystovit.view.Menu -> 'Menu Items(id/description)'  
INFO  | 02-06-2019 | 22:55:33 | com.epam.igorpystovit.view.Menu -> '1 - to replace all vowels in the text with underscores'  
INFO  | 02-06-2019 | 22:55:33 | com.epam.igorpystovit.view.Menu -> '2 - split sentence with regular expression'  
INFO  | 02-06-2019 | 22:55:33 | com.epam.igorpystovit.view.Menu -> '0 - exit'  
INFO  | 02-06-2019 | 22:56:01 | com.epam.igorpystovit.view.Menu -> 'Input some string'  
INFO  | 02-06-2019 | 22:56:03 | com.epam.igorpystovit.controller.Controller -> 'Changed string : Th_s_'  
INFO  | 02-06-2019 | 22:56:03 | com.epam.igorpystovit.view.Menu -> 'Menu Items(id/description)'  
INFO  | 02-06-2019 | 22:56:03 | com.epam.igorpystovit.view.Menu -> '1 - to replace all vowels in the text with underscores'  
INFO  | 02-06-2019 | 22:56:03 | com.epam.igorpystovit.view.Menu -> '2 - split sentence with regular expression'  
INFO  | 02-06-2019 | 22:56:03 | com.epam.igorpystovit.view.Menu -> '0 - exit'  
INFO  | 02-06-2019 | 22:56:31 | com.epam.igorpystovit.view.Menu -> 'Menu Items(id/description)'  
INFO  | 02-06-2019 | 22:56:31 | com.epam.igorpystovit.view.Menu -> '1 - to manipulate with strings '  
INFO  | 02-06-2019 | 22:56:31 | com.epam.igorpystovit.view.Menu -> '2 - to manipulate with text'  
INFO  | 02-06-2019 | 22:56:31 | com.epam.igorpystovit.view.Menu -> '0 - exit'  
INFO  | 02-06-2019 | 22:56:32 | com.epam.igorpystovit.view.Menu -> 'Menu Items(id/description)'  
INFO  | 02-06-2019 | 22:56:32 | com.epam.igorpystovit.view.Menu -> '1 - to replace all vowels in the text with underscores'  
INFO  | 02-06-2019 | 22:56:32 | com.epam.igorpystovit.view.Menu -> '2 - split sentence with regular expression'  
INFO  | 02-06-2019 | 22:56:32 | com.epam.igorpystovit.view.Menu -> '0 - exit'  
INFO  | 02-06-2019 | 22:56:34 | com.epam.igorpystovit.view.Menu -> 'Input some string'  
INFO  | 02-06-2019 | 22:56:37 | com.epam.igorpystovit.controller.Controller -> 'Changed string : Th_s_ _n _qu_l p__nt n_ ___rs d_. D_p_nd w_rmth f_t but h_r but pl___d.'  
INFO  | 02-06-2019 | 22:56:37 | com.epam.igorpystovit.view.Menu -> 'Menu Items(id/description)'  
INFO  | 02-06-2019 | 22:56:37 | com.epam.igorpystovit.view.Menu -> '1 - to replace all vowels in the text with underscores'  
INFO  | 02-06-2019 | 22:56:37 | com.epam.igorpystovit.view.Menu -> '2 - split sentence with regular expression'  
INFO  | 02-06-2019 | 22:56:37 | com.epam.igorpystovit.view.Menu -> '0 - exit'  
INFO  | 02-06-2019 | 22:56:42 | com.epam.igorpystovit.view.Menu -> 'Input some string'  
INFO  | 02-06-2019 | 22:56:46 | com.epam.igorpystovit.view.Menu -> 'Input regular expression'  
INFO  | 02-06-2019 | 22:56:56 | com.epam.igorpystovit.controller.Controller -> 'Result of split'  
INFO  | 02-06-2019 | 22:56:56 | com.epam.igorpystovit.view.Menu -> 'Menu Items(id/description)'  
INFO  | 02-06-2019 | 22:56:56 | com.epam.igorpystovit.view.Menu -> '1 - to replace all vowels in the text with underscores'  
INFO  | 02-06-2019 | 22:56:56 | com.epam.igorpystovit.view.Menu -> '2 - split sentence with regular expression'  
INFO  | 02-06-2019 | 22:56:56 | com.epam.igorpystovit.view.Menu -> '0 - exit'  
INFO  | 02-06-2019 | 22:57:14 | com.epam.igorpystovit.view.Menu -> 'Menu Items(id/description)'  
INFO  | 02-06-2019 | 22:57:14 | com.epam.igorpystovit.view.Menu -> '1 - to manipulate with strings '  
INFO  | 02-06-2019 | 22:57:14 | com.epam.igorpystovit.view.Menu -> '2 - to manipulate with text'  
INFO  | 02-06-2019 | 22:57:14 | com.epam.igorpystovit.view.Menu -> '0 - exit'  
